
> pos-backend@0.0.1 start
> nest start

[32m[Nest] 53589  - [39m01/10/2026, 7:23:21 PM [32m    LOG[39m [38;5;3m[NestFactory] [39m[32mStarting Nest application...[39m
[32m[Nest] 53589  - [39m01/10/2026, 7:23:21 PM [32m    LOG[39m [38;5;3m[InstanceLoader] [39m[32mPrismaModule dependencies initialized[39m[38;5;3m +5ms[39m
[32m[Nest] 53589  - [39m01/10/2026, 7:23:21 PM [32m    LOG[39m [38;5;3m[InstanceLoader] [39m[32mPassportModule dependencies initialized[39m[38;5;3m +0ms[39m
[32m[Nest] 53589  - [39m01/10/2026, 7:23:21 PM [32m    LOG[39m [38;5;3m[InstanceLoader] [39m[32mConfigHostModule dependencies initialized[39m[38;5;3m +1ms[39m
[32m[Nest] 53589  - [39m01/10/2026, 7:23:21 PM [32m    LOG[39m [38;5;3m[InstanceLoader] [39m[32mAppModule dependencies initialized[39m[38;5;3m +0ms[39m
[32m[Nest] 53589  - [39m01/10/2026, 7:23:21 PM [32m    LOG[39m [38;5;3m[InstanceLoader] [39m[32mConfigModule dependencies initialized[39m[38;5;3m +0ms[39m
[32m[Nest] 53589  - [39m01/10/2026, 7:23:21 PM [32m    LOG[39m [38;5;3m[InstanceLoader] [39m[32mConfigModule dependencies initialized[39m[38;5;3m +0ms[39m
[32m[Nest] 53589  - [39m01/10/2026, 7:23:21 PM [32m    LOG[39m [38;5;3m[InstanceLoader] [39m[32mUploadModule dependencies initialized[39m[38;5;3m +0ms[39m
[32m[Nest] 53589  - [39m01/10/2026, 7:23:21 PM [32m    LOG[39m [38;5;3m[InstanceLoader] [39m[32mJwtModule dependencies initialized[39m[38;5;3m +0ms[39m
[32m[Nest] 53589  - [39m01/10/2026, 7:23:21 PM [32m    LOG[39m [38;5;3m[InstanceLoader] [39m[32mUsersModule dependencies initialized[39m[38;5;3m +1ms[39m
[32m[Nest] 53589  - [39m01/10/2026, 7:23:21 PM [32m    LOG[39m [38;5;3m[InstanceLoader] [39m[32mCategoriesModule dependencies initialized[39m[38;5;3m +0ms[39m
[32m[Nest] 53589  - [39m01/10/2026, 7:23:21 PM [32m    LOG[39m [38;5;3m[InstanceLoader] [39m[32mTransactionsModule dependencies initialized[39m[38;5;3m +0ms[39m
[32m[Nest] 53589  - [39m01/10/2026, 7:23:21 PM [32m    LOG[39m [38;5;3m[InstanceLoader] [39m[32mReportsModule dependencies initialized[39m[38;5;3m +0ms[39m
[32m[Nest] 53589  - [39m01/10/2026, 7:23:21 PM [32m    LOG[39m [38;5;3m[InstanceLoader] [39m[32mMenuModule dependencies initialized[39m[38;5;3m +0ms[39m
[32m[Nest] 53589  - [39m01/10/2026, 7:23:21 PM [32m    LOG[39m [38;5;3m[InstanceLoader] [39m[32mReceiptsModule dependencies initialized[39m[38;5;3m +0ms[39m
[32m[Nest] 53589  - [39m01/10/2026, 7:23:21 PM [32m    LOG[39m [38;5;3m[InstanceLoader] [39m[32mAuthModule dependencies initialized[39m[38;5;3m +0ms[39m
[32m[Nest] 53589  - [39m01/10/2026, 7:23:21 PM [32m    LOG[39m [38;5;3m[RoutesResolver] [39m[32mAppController {/}:[39m[38;5;3m +9ms[39m
[32m[Nest] 53589  - [39m01/10/2026, 7:23:21 PM [32m    LOG[39m [38;5;3m[RouterExplorer] [39m[32mMapped {/, GET} route[39m[38;5;3m +1ms[39m
[32m[Nest] 53589  - [39m01/10/2026, 7:23:21 PM [32m    LOG[39m [38;5;3m[RoutesResolver] [39m[32mAuthController {/auth}:[39m[38;5;3m +0ms[39m
[32m[Nest] 53589  - [39m01/10/2026, 7:23:21 PM [32m    LOG[39m [38;5;3m[RouterExplorer] [39m[32mMapped {/auth/register, POST} route[39m[38;5;3m +0ms[39m
[32m[Nest] 53589  - [39m01/10/2026, 7:23:21 PM [32m    LOG[39m [38;5;3m[RouterExplorer] [39m[32mMapped {/auth/login, POST} route[39m[38;5;3m +0ms[39m
[32m[Nest] 53589  - [39m01/10/2026, 7:23:21 PM [32m    LOG[39m [38;5;3m[RouterExplorer] [39m[32mMapped {/auth/profile, GET} route[39m[38;5;3m +0ms[39m
[32m[Nest] 53589  - [39m01/10/2026, 7:23:21 PM [32m    LOG[39m [38;5;3m[RoutesResolver] [39m[32mUsersController {/users}:[39m[38;5;3m +0ms[39m
[32m[Nest] 53589  - [39m01/10/2026, 7:23:21 PM [32m    LOG[39m [38;5;3m[RouterExplorer] [39m[32mMapped {/users, POST} route[39m[38;5;3m +1ms[39m
[32m[Nest] 53589  - [39m01/10/2026, 7:23:21 PM [32m    LOG[39m [38;5;3m[RouterExplorer] [39m[32mMapped {/users, GET} route[39m[38;5;3m +0ms[39m
[32m[Nest] 53589  - [39m01/10/2026, 7:23:21 PM [32m    LOG[39m [38;5;3m[RouterExplorer] [39m[32mMapped {/users/:id, GET} route[39m[38;5;3m +0ms[39m
[32m[Nest] 53589  - [39m01/10/2026, 7:23:21 PM [32m    LOG[39m [38;5;3m[RouterExplorer] [39m[32mMapped {/users/:id, PATCH} route[39m[38;5;3m +0ms[39m
[32m[Nest] 53589  - [39m01/10/2026, 7:23:21 PM [32m    LOG[39m [38;5;3m[RouterExplorer] [39m[32mMapped {/users/:id, DELETE} route[39m[38;5;3m +0ms[39m
[32m[Nest] 53589  - [39m01/10/2026, 7:23:21 PM [32m    LOG[39m [38;5;3m[RoutesResolver] [39m[32mCategoriesController {/categories}:[39m[38;5;3m +0ms[39m
[32m[Nest] 53589  - [39m01/10/2026, 7:23:21 PM [32m    LOG[39m [38;5;3m[RouterExplorer] [39m[32mMapped {/categories, POST} route[39m[38;5;3m +0ms[39m
[32m[Nest] 53589  - [39m01/10/2026, 7:23:21 PM [32m    LOG[39m [38;5;3m[RouterExplorer] [39m[32mMapped {/categories, GET} route[39m[38;5;3m +0ms[39m
[32m[Nest] 53589  - [39m01/10/2026, 7:23:21 PM [32m    LOG[39m [38;5;3m[RouterExplorer] [39m[32mMapped {/categories/:id, GET} route[39m[38;5;3m +0ms[39m
[32m[Nest] 53589  - [39m01/10/2026, 7:23:21 PM [32m    LOG[39m [38;5;3m[RouterExplorer] [39m[32mMapped {/categories/:id, PATCH} route[39m[38;5;3m +0ms[39m
[32m[Nest] 53589  - [39m01/10/2026, 7:23:21 PM [32m    LOG[39m [38;5;3m[RouterExplorer] [39m[32mMapped {/categories/:id, DELETE} route[39m[38;5;3m +0ms[39m
[32m[Nest] 53589  - [39m01/10/2026, 7:23:21 PM [32m    LOG[39m [38;5;3m[RoutesResolver] [39m[32mMenuController {/menu}:[39m[38;5;3m +0ms[39m
[32m[Nest] 53589  - [39m01/10/2026, 7:23:21 PM [32m    LOG[39m [38;5;3m[RouterExplorer] [39m[32mMapped {/menu, POST} route[39m[38;5;3m +0ms[39m
[32m[Nest] 53589  - [39m01/10/2026, 7:23:21 PM [32m    LOG[39m [38;5;3m[RouterExplorer] [39m[32mMapped {/menu, GET} route[39m[38;5;3m +0ms[39m
[32m[Nest] 53589  - [39m01/10/2026, 7:23:21 PM [32m    LOG[39m [38;5;3m[RouterExplorer] [39m[32mMapped {/menu/:id, GET} route[39m[38;5;3m +0ms[39m
[32m[Nest] 53589  - [39m01/10/2026, 7:23:21 PM [32m    LOG[39m [38;5;3m[RouterExplorer] [39m[32mMapped {/menu/:id, PATCH} route[39m[38;5;3m +1ms[39m
[32m[Nest] 53589  - [39m01/10/2026, 7:23:21 PM [32m    LOG[39m [38;5;3m[RouterExplorer] [39m[32mMapped {/menu/:id/stock, PATCH} route[39m[38;5;3m +0ms[39m
[32m[Nest] 53589  - [39m01/10/2026, 7:23:21 PM [32m    LOG[39m [38;5;3m[RouterExplorer] [39m[32mMapped {/menu/:id, DELETE} route[39m[38;5;3m +0ms[39m
[32m[Nest] 53589  - [39m01/10/2026, 7:23:21 PM [32m    LOG[39m [38;5;3m[RoutesResolver] [39m[32mUploadController {/upload}:[39m[38;5;3m +0ms[39m
[32m[Nest] 53589  - [39m01/10/2026, 7:23:21 PM [32m    LOG[39m [38;5;3m[RouterExplorer] [39m[32mMapped {/upload, POST} route[39m[38;5;3m +0ms[39m
[32m[Nest] 53589  - [39m01/10/2026, 7:23:21 PM [32m    LOG[39m [38;5;3m[RoutesResolver] [39m[32mTransactionsController {/transactions}:[39m[38;5;3m +0ms[39m
[32m[Nest] 53589  - [39m01/10/2026, 7:23:21 PM [32m    LOG[39m [38;5;3m[RouterExplorer] [39m[32mMapped {/transactions, POST} route[39m[38;5;3m +0ms[39m
[32m[Nest] 53589  - [39m01/10/2026, 7:23:21 PM [32m    LOG[39m [38;5;3m[RouterExplorer] [39m[32mMapped {/transactions/:id/checkout, POST} route[39m[38;5;3m +0ms[39m
[32m[Nest] 53589  - [39m01/10/2026, 7:23:21 PM [32m    LOG[39m [38;5;3m[RouterExplorer] [39m[32mMapped {/transactions, GET} route[39m[38;5;3m +0ms[39m
[32m[Nest] 53589  - [39m01/10/2026, 7:23:21 PM [32m    LOG[39m [38;5;3m[RouterExplorer] [39m[32mMapped {/transactions/:id, GET} route[39m[38;5;3m +0ms[39m
[32m[Nest] 53589  - [39m01/10/2026, 7:23:21 PM [32m    LOG[39m [38;5;3m[RouterExplorer] [39m[32mMapped {/transactions/:id/status, PATCH} route[39m[38;5;3m +0ms[39m
[32m[Nest] 53589  - [39m01/10/2026, 7:23:21 PM [32m    LOG[39m [38;5;3m[RoutesResolver] [39m[32mReportsController {/reports}:[39m[38;5;3m +0ms[39m
[32m[Nest] 53589  - [39m01/10/2026, 7:23:21 PM [32m    LOG[39m [38;5;3m[RouterExplorer] [39m[32mMapped {/reports/custom, GET} route[39m[38;5;3m +0ms[39m
[32m[Nest] 53589  - [39m01/10/2026, 7:23:21 PM [32m    LOG[39m [38;5;3m[RouterExplorer] [39m[32mMapped {/reports/daily, GET} route[39m[38;5;3m +0ms[39m
[32m[Nest] 53589  - [39m01/10/2026, 7:23:21 PM [32m    LOG[39m [38;5;3m[RouterExplorer] [39m[32mMapped {/reports/weekly, GET} route[39m[38;5;3m +0ms[39m
[32m[Nest] 53589  - [39m01/10/2026, 7:23:21 PM [32m    LOG[39m [38;5;3m[RouterExplorer] [39m[32mMapped {/reports/monthly, GET} route[39m[38;5;3m +0ms[39m
[32m[Nest] 53589  - [39m01/10/2026, 7:23:21 PM [32m    LOG[39m [38;5;3m[RouterExplorer] [39m[32mMapped {/reports/best-sellers, GET} route[39m[38;5;3m +0ms[39m
[32m[Nest] 53589  - [39m01/10/2026, 7:23:21 PM [32m    LOG[39m [38;5;3m[RouterExplorer] [39m[32mMapped {/reports/revenue-by-category, GET} route[39m[38;5;3m +0ms[39m
[32m[Nest] 53589  - [39m01/10/2026, 7:23:21 PM [32m    LOG[39m [38;5;3m[RouterExplorer] [39m[32mMapped {/reports/export/pdf, GET} route[39m[38;5;3m +0ms[39m
[32m[Nest] 53589  - [39m01/10/2026, 7:23:21 PM [32m    LOG[39m [38;5;3m[RoutesResolver] [39m[32mReceiptsController {/receipts}:[39m[38;5;3m +0ms[39m
[32m[Nest] 53589  - [39m01/10/2026, 7:23:21 PM [32m    LOG[39m [38;5;3m[RouterExplorer] [39m[32mMapped {/receipts/:transactionId/whatsapp, GET} route[39m[38;5;3m +0ms[39m
[32m[Nest] 53589  - [39m01/10/2026, 7:23:21 PM [32m    LOG[39m [38;5;3m[RouterExplorer] [39m[32mMapped {/receipts/:transactionId/thermal, GET} route[39m[38;5;3m +0ms[39m
[32m[Nest] 53589  - [39m01/10/2026, 7:23:21 PM [32m    LOG[39m [38;5;3m[NestApplication] [39m[32mNest application successfully started[39m[38;5;3m +28ms[39m
[31m[Nest] 53589  - [39m01/10/2026, 7:23:21 PM [31m  ERROR[39m [38;5;3m[NestApplication] [39m[31mError: listen EADDRINUSE: address already in use :::3000[39m[38;5;3m +1ms[39m
node:net:1940
    const ex = new UVExceptionWithHostPort(err, 'listen', address, port);
               ^

Error: listen EADDRINUSE: address already in use :::3000
    at Server.setupListenHandle [as _listen2] (node:net:1940:16)
    at listenInCluster (node:net:1997:12)
    at Server.listen (node:net:2102:7)
    at ExpressAdapter.listen (/Users/ptsiagaabdiutama/Desktop/pos-backend/node_modules/@nestjs/platform-express/adapters/express-adapter.js:127:32)
    at /Users/ptsiagaabdiutama/Desktop/pos-backend/node_modules/@nestjs/core/nest-application.js:188:30
    at new Promise (<anonymous>)
    at NestApplication.listen (/Users/ptsiagaabdiutama/Desktop/pos-backend/node_modules/@nestjs/core/nest-application.js:178:16)
    at async bootstrap (/Users/ptsiagaabdiutama/Desktop/pos-backend/src/main.ts:89:3) {
  code: 'EADDRINUSE',
  errno: -48,
  syscall: 'listen',
  address: '::',
  port: 3000
}

Node.js v24.4.1
